<?xml version="1.0" encoding="UTF-8"?>
<!-- Generated by org.testng.reporters.JUnitReportReporter -->
<testsuite hostname="DESKTOP-SH5GL1D" failures="0" tests="1" name="com.drivermethods.Orientation" time="22.497" errors="0" timestamp="2022-02-22T12:14:59 IST" skipped="0">
  <testcase classname="com.drivermethods.Orientation" name="Orientation" time="22.497"/>
  <system-out/>
</testsuite> <!-- com.drivermethods.Orientation -->
