<?xml version="1.0" encoding="UTF-8"?>
<!-- Generated by org.testng.reporters.JUnitReportReporter -->
<testsuite hostname="DESKTOP-SH5GL1D" failures="0" tests="1" name="testScripts.LaunchGeneralStores" time="19.681" errors="0" timestamp="2022-02-24T14:43:15 IST" skipped="0">
  <testcase classname="testScripts.LaunchGeneralStores" name="LaunchGeneralStores" time="19.681"/>
  <system-out/>
</testsuite> <!-- testScripts.LaunchGeneralStores -->
