<?xml version="1.0" encoding="UTF-8"?>
<!-- Generated by org.testng.reporters.JUnitReportReporter -->
<testsuite hostname="DESKTOP-SH5GL1D" failures="0" tests="1" name="testScripts.LaunchAppCalendar" time="18.925" errors="0" timestamp="2022-02-20T14:34:20 IST" skipped="0">
  <testcase classname="testScripts.LaunchAppCalendar" name="LaunchAppCalendar" time="18.925"/>
  <system-out/>
</testsuite> <!-- testScripts.LaunchAppCalendar -->
