<?xml version="1.0" encoding="UTF-8"?>
<!-- Generated by org.testng.reporters.JUnitReportReporter -->
<testsuite hostname="DESKTOP-SH5GL1D" failures="0" tests="1" name="com.drivermethods.RunappinBackGround" time="39.343" errors="0" timestamp="2022-02-22T10:58:44 IST" skipped="0">
  <testcase classname="com.drivermethods.RunappinBackGround" name="RunappinBackGround" time="39.343"/>
  <system-out/>
</testsuite> <!-- com.drivermethods.RunappinBackGround -->
