<?xml version="1.0" encoding="UTF-8"?>
<!-- Generated by org.testng.reporters.JUnitReportReporter -->
<testsuite hostname="DESKTOP-SH5GL1D" failures="0" tests="1" name="testScripts.Swipe" time="27.958" errors="0" timestamp="2022-02-22T15:23:58 IST" skipped="0">
  <testcase classname="testScripts.Swipe" name="Swipe" time="27.958"/>
  <system-out/>
</testsuite> <!-- testScripts.Swipe -->
